2020-03-16 20:16:00.800  INFO 22864 --- [main] com.diao.CommunityApplication            : Starting CommunityApplication on DESKTOP-92P25I2 with PID 22864 (D:\javaspace\community\target\classes started by 86155 in D:\javaspace\community)
2020-03-16 20:16:00.801  INFO 22864 --- [main] com.diao.CommunityApplication            : No active profile set, falling back to default profiles: default
2020-03-16 20:16:00.900  WARN 22864 --- [background-preinit] o.s.h.c.j.Jackson2ObjectMapperBuilder    : For Jackson Kotlin classes support please add "com.fasterxml.jackson.module:jackson-module-kotlin" to the classpath
2020-03-16 20:16:01.638  INFO 22864 --- [main] o.s.b.w.embedded.tomcat.TomcatWebServer  : Tomcat initialized with port(s): 8080 (http)
2020-03-16 20:16:01.646  INFO 22864 --- [main] o.apache.catalina.core.StandardService   : Starting service [Tomcat]
2020-03-16 20:16:01.646  INFO 22864 --- [main] org.apache.catalina.core.StandardEngine  : Starting Servlet engine: [Apache Tomcat/9.0.31]
2020-03-16 20:16:01.647  INFO 22864 --- [main] o.a.catalina.core.AprLifecycleListener   : An older version [1.2.17] of the APR based Apache Tomcat Native library is installed, while Tomcat recommends a minimum version of [1.2.23]
2020-03-16 20:16:01.647  INFO 22864 --- [main] o.a.catalina.core.AprLifecycleListener   : Loaded APR based Apache Tomcat Native library [1.2.17] using APR version [1.6.3].
2020-03-16 20:16:01.647  INFO 22864 --- [main] o.a.catalina.core.AprLifecycleListener   : APR capabilities: IPv6 [true], sendfile [true], accept filters [false], random [true].
2020-03-16 20:16:01.648  INFO 22864 --- [main] o.a.catalina.core.AprLifecycleListener   : APR/OpenSSL configuration: useAprConnector [false], useOpenSSL [true]
2020-03-16 20:16:02.703  INFO 22864 --- [main] o.a.catalina.core.AprLifecycleListener   : OpenSSL successfully initialized [OpenSSL 1.0.2o  27 Mar 2018]
2020-03-16 20:16:02.802  INFO 22864 --- [main] o.a.c.c.C.[Tomcat].[localhost].[/]       : Initializing Spring embedded WebApplicationContext
2020-03-16 20:16:02.802  INFO 22864 --- [main] o.s.web.context.ContextLoader            : Root WebApplicationContext: initialization completed in 1971 ms
2020-03-16 20:16:03.199  INFO 22864 --- [main] o.s.s.concurrent.ThreadPoolTaskExecutor  : Initializing ExecutorService 'applicationTaskExecutor'
2020-03-16 20:16:03.283  INFO 22864 --- [main] o.s.b.a.w.s.WelcomePageHandlerMapping    : Adding welcome page template: index
2020-03-16 20:16:03.396  INFO 22864 --- [main] o.s.b.w.embedded.tomcat.TomcatWebServer  : Tomcat started on port(s): 8080 (http) with context path ''
2020-03-16 20:16:03.399  INFO 22864 --- [main] com.diao.CommunityApplication            : Started CommunityApplication in 2.877 seconds (JVM running for 3.429)
2020-03-16 20:16:09.473  INFO 22864 --- [http-nio-8080-exec-1] o.a.c.c.C.[Tomcat].[localhost].[/]       : Initializing Spring DispatcherServlet 'dispatcherServlet'
2020-03-16 20:16:09.474  INFO 22864 --- [http-nio-8080-exec-1] o.s.web.servlet.DispatcherServlet        : Initializing Servlet 'dispatcherServlet'
2020-03-16 20:16:09.477  INFO 22864 --- [http-nio-8080-exec-1] o.s.web.servlet.DispatcherServlet        : Completed initialization in 3 ms
2020-03-16 20:16:09.524  INFO 22864 --- [http-nio-8080-exec-1] com.alibaba.druid.pool.DruidDataSource   : {dataSource-1} inited
2020-03-16 20:16:09.597 DEBUG 22864 --- [http-nio-8080-exec-1] c.d.mapper.UserMapper.selectUserByToken  : ==>  Preparing: select id, account_id, name, token, gmt_create, gmt_modified, avatar_url from user where token=? 
2020-03-16 20:16:09.612 DEBUG 22864 --- [http-nio-8080-exec-1] c.d.mapper.UserMapper.selectUserByToken  : ==> Parameters: d1070d10-4efc-4b28-a67d-bc313d43e741(String)
2020-03-16 20:16:09.627 DEBUG 22864 --- [http-nio-8080-exec-1] c.d.mapper.UserMapper.selectUserByToken  : <==      Total: 1
2020-03-16 20:16:09.652 DEBUG 22864 --- [http-nio-8080-exec-1] c.d.m.QuestionMapper.getQuestionCount    : ==>  Preparing: select count(1) from question 
2020-03-16 20:16:09.653 DEBUG 22864 --- [http-nio-8080-exec-1] c.d.m.QuestionMapper.getQuestionCount    : ==> Parameters: 
2020-03-16 20:16:09.654 DEBUG 22864 --- [http-nio-8080-exec-1] c.d.m.QuestionMapper.getQuestionCount    : <==      Total: 1
2020-03-16 20:16:09.655 DEBUG 22864 --- [http-nio-8080-exec-1] c.d.mapper.QuestionMapper.listQuestions  : ==>  Preparing: select distinct q.id as qid, q.title, q.description, q.gmt_create, q.gmt_modified, q.creator, q.comment_count, q.view_count, q.like_count, q.tag, u.avatar_url, u.name, u.id as uid from question as q inner join user as u on q.creator=u.account_id order by q.gmt_create desc limit ?,? 
2020-03-16 20:16:09.655 DEBUG 22864 --- [http-nio-8080-exec-1] c.d.mapper.QuestionMapper.listQuestions  : ==> Parameters: 0(Integer), 5(Integer)
2020-03-16 20:16:09.659 DEBUG 22864 --- [http-nio-8080-exec-1] c.d.mapper.QuestionMapper.listQuestions  : <==      Total: 5
2020-03-16 20:16:09.660 DEBUG 22864 --- [http-nio-8080-exec-1] c.d.m.NoticeMapper.getNewNoticeCount     : ==>  Preparing: select count(1) from notice where receiver=? and status = 0 
2020-03-16 20:16:09.660 DEBUG 22864 --- [http-nio-8080-exec-1] c.d.m.NoticeMapper.getNewNoticeCount     : ==> Parameters: 61926405(Integer)
2020-03-16 20:16:09.661 DEBUG 22864 --- [http-nio-8080-exec-1] c.d.m.NoticeMapper.getNewNoticeCount     : <==      Total: 1
2020-03-16 20:16:09.986 DEBUG 22864 --- [http-nio-8080-exec-3] c.d.mapper.UserMapper.selectUserByToken  : ==>  Preparing: select id, account_id, name, token, gmt_create, gmt_modified, avatar_url from user where token=? 
2020-03-16 20:16:09.986 DEBUG 22864 --- [http-nio-8080-exec-3] c.d.mapper.UserMapper.selectUserByToken  : ==> Parameters: d1070d10-4efc-4b28-a67d-bc313d43e741(String)
2020-03-16 20:16:09.987 DEBUG 22864 --- [http-nio-8080-exec-3] c.d.mapper.UserMapper.selectUserByToken  : <==      Total: 1
